<?xml version="1.0" encoding="UTF-8"?>
<!-- Generated by org.testng.reporters.JUnitReportReporter -->
<testsuite skipped="0" hostname="DESKTOP-RV54SM4" name="com.qa.test.GetCallBDD" tests="1" failures="0" timestamp="08 Mar 2020 06:02:43 GMT" time="4.312" errors="0">
  <testcase name="testCirciuitsCount" time="4.312" classname="com.qa.test.GetCallBDD"/>
</testsuite> <!-- com.qa.test.GetCallBDD -->
