<?xml version="1.0" encoding="UTF-8"?>
<!-- Generated by org.testng.reporters.JUnitReportReporter -->
<testsuite skipped="0" hostname="DESKTOP-RV54SM4" name="com.selenium.Runner.TestRunner" tests="1" failures="0" timestamp="27 Apr 2020 09:46:13 GMT" time="21.548" errors="0">
  <testcase name="runScenario" time="21.548" classname="com.selenium.Runner.TestRunner"/>
</testsuite> <!-- com.selenium.Runner.TestRunner -->
